mode: set
event_service/internal/apperror/errors.go:11.35,12.18 1 1
event_service/internal/apperror/errors.go:12.18,14.3 1 1
event_service/internal/apperror/errors.go:16.2,16.18 1 1
event_service/internal/apperror/errors.go:19.35,21.2 1 1
event_service/internal/apperror/errors.go:23.40,25.2 1 1
event_service/internal/apperror/errors.go:27.40,29.2 1 1
event_service/internal/apperror/errors.go:31.42,33.2 1 1
event_service/internal/apperror/errors.go:35.51,37.2 1 1
event_service/internal/apperror/errors.go:39.41,41.2 1 1
event_service/internal/models/base.go:17.48,18.22 1 1
event_service/internal/models/base.go:18.22,20.3 1 1
event_service/internal/models/base.go:22.2,22.12 1 1
event_service/internal/models/event.go:38.44,61.2 1 1
event_service/internal/infrastructure/database/postgresql.go:23.60,24.20 1 1
event_service/internal/infrastructure/database/postgresql.go:24.20,26.3 1 1
event_service/internal/infrastructure/database/postgresql.go:28.2,28.23 1 1
event_service/internal/infrastructure/database/postgresql.go:28.23,30.3 1 1
event_service/internal/infrastructure/database/postgresql.go:32.2,45.16 3 1
event_service/internal/infrastructure/database/postgresql.go:45.16,47.3 1 1
event_service/internal/infrastructure/database/postgresql.go:49.2,50.16 2 0
event_service/internal/infrastructure/database/postgresql.go:50.16,52.3 1 0
event_service/internal/infrastructure/database/postgresql.go:54.2,58.37 4 0
event_service/internal/infrastructure/database/postgresql.go:58.37,60.3 1 0
event_service/internal/infrastructure/database/postgresql.go:62.2,62.16 1 0
event_service/internal/infrastructure/logger/logger.go:14.49,16.16 2 1
event_service/internal/infrastructure/logger/logger.go:16.16,18.3 1 1
event_service/internal/infrastructure/logger/logger.go:20.2,48.23 5 1
event_service/internal/services/event_service.go:27.94,32.2 1 1
event_service/internal/services/event_service.go:34.92,38.16 3 1
event_service/internal/services/event_service.go:38.16,40.3 1 1
event_service/internal/services/event_service.go:42.2,42.27 1 1
event_service/internal/services/event_service.go:45.80,49.16 3 1
event_service/internal/services/event_service.go:49.16,51.3 1 1
event_service/internal/services/event_service.go:53.2,53.27 1 1
event_service/internal/services/event_service.go:56.103,65.16 3 1
event_service/internal/services/event_service.go:65.16,67.3 1 1
event_service/internal/services/event_service.go:69.2,70.31 2 1
event_service/internal/services/event_service.go:70.31,72.3 1 1
event_service/internal/services/event_service.go:74.2,76.42 2 1
event_service/internal/services/event_service.go:79.89,82.2 2 1
event_service/internal/services/event_service.go:84.96,87.2 2 1
event_service/internal/services/event_service.go:89.111,93.16 3 1
event_service/internal/services/event_service.go:93.16,95.3 1 1
event_service/internal/services/event_service.go:97.2,97.27 1 1
event_service/internal/services/event_service.go:100.61,103.2 2 1
event_service/internal/middleware/middleware.go:11.56,12.30 1 1
event_service/internal/middleware/middleware.go:12.30,32.20 8 1
event_service/internal/middleware/middleware.go:32.20,34.4 1 0
event_service/internal/middleware/middleware.go:34.9,34.27 1 1
event_service/internal/middleware/middleware.go:34.27,36.4 1 0
event_service/internal/middleware/middleware.go:36.9,38.4 1 1
event_service/internal/middleware/middleware.go:42.29,43.30 1 1
event_service/internal/middleware/middleware.go:43.30,50.45 6 1
event_service/internal/middleware/middleware.go:50.45,53.4 2 1
event_service/internal/middleware/middleware.go:55.3,55.11 1 1
event_service/internal/middleware/middleware.go:59.34,60.30 1 1
event_service/internal/middleware/middleware.go:60.30,62.22 2 1
event_service/internal/middleware/middleware.go:62.22,64.4 1 1
event_service/internal/middleware/middleware.go:66.3,68.11 3 1
event_service/internal/middleware/middleware.go:72.33,74.2 1 1
event_service/internal/middleware/middleware.go:76.33,79.19 3 1
event_service/internal/middleware/middleware.go:79.19,82.3 2 1
event_service/internal/middleware/middleware.go:84.2,84.18 1 1
event_service/internal/server/server.go:28.50,36.41 4 1
event_service/internal/server/server.go:36.41,37.30 1 1
event_service/internal/server/server.go:37.30,40.4 2 1
event_service/internal/server/server.go:41.3,41.32 1 1
event_service/internal/server/server.go:44.2,53.53 5 1
event_service/internal/server/server.go:53.53,55.4 1 0
event_service/internal/server/server.go:58.2,58.10 1 1
event_service/internal/server/server.go:61.36,62.81 1 1
event_service/internal/server/server.go:62.81,64.3 1 1
event_service/internal/server/server.go:66.2,66.12 1 0
event_service/internal/server/server.go:69.58,73.47 3 1
event_service/internal/server/server.go:73.47,75.3 1 0
event_service/internal/server/server.go:77.2,77.12 1 1
event_service/internal/server/server.go:80.36,85.24 4 1
event_service/internal/server/server.go:85.24,87.3 1 1
event_service/internal/server/server.go:89.2,89.47 1 1
event_service/internal/server/server.go:89.47,91.3 1 0
event_service/internal/server/server.go:93.2,93.12 1 1
event_service/internal/server/server.go:96.43,98.2 1 1
event_service/internal/server/server.go:100.42,101.28 1 1
event_service/internal/server/server.go:101.28,103.3 1 1
event_service/internal/handler/event_handler.go:20.87,25.2 1 1
event_service/internal/handler/event_handler.go:27.60,29.2 2 1
event_service/internal/handler/event_handler.go:29.2,36.3 6 1
event_service/internal/handler/event_handler.go:38.2,39.2 2 1
event_service/internal/handler/event_handler.go:39.2,41.3 1 1
event_service/internal/handler/event_handler.go:55.52,57.47 2 1
event_service/internal/handler/event_handler.go:57.47,63.3 2 1
event_service/internal/handler/event_handler.go:65.2,66.16 2 1
event_service/internal/handler/event_handler.go:66.16,69.3 2 0
event_service/internal/handler/event_handler.go:71.2,74.4 1 1
event_service/internal/handler/event_handler.go:88.49,90.16 2 1
event_service/internal/handler/event_handler.go:90.16,96.3 2 1
event_service/internal/handler/event_handler.go:98.2,99.16 2 1
event_service/internal/handler/event_handler.go:99.16,102.3 2 1
event_service/internal/handler/event_handler.go:104.2,104.57 1 1
event_service/internal/handler/event_handler.go:120.51,122.50 2 1
event_service/internal/handler/event_handler.go:122.50,128.3 2 1
event_service/internal/handler/event_handler.go:130.2,131.16 2 1
event_service/internal/handler/event_handler.go:131.16,134.3 2 1
event_service/internal/handler/event_handler.go:136.2,142.4 1 1
event_service/internal/handler/event_handler.go:158.52,160.16 2 1
event_service/internal/handler/event_handler.go:160.16,166.3 2 1
event_service/internal/handler/event_handler.go:168.2,169.47 2 1
event_service/internal/handler/event_handler.go:169.47,175.3 2 1
event_service/internal/handler/event_handler.go:177.2,178.16 2 1
event_service/internal/handler/event_handler.go:178.16,181.3 2 1
event_service/internal/handler/event_handler.go:183.2,186.4 1 1
event_service/internal/handler/event_handler.go:200.52,202.16 2 1
event_service/internal/handler/event_handler.go:202.16,208.3 2 0
event_service/internal/handler/event_handler.go:210.2,210.55 1 1
event_service/internal/handler/event_handler.go:210.55,213.3 2 1
event_service/internal/handler/event_handler.go:215.2,217.4 1 1
event_service/internal/handler/event_handler.go:220.52,222.16 2 1
event_service/internal/handler/event_handler.go:222.16,228.3 2 1
event_service/internal/handler/event_handler.go:229.2,230.16 2 1
event_service/internal/handler/event_handler.go:230.16,233.3 2 1
event_service/internal/handler/event_handler.go:234.2,234.60 1 1
event_service/internal/handler/event_handler.go:237.61,239.16 2 1
event_service/internal/handler/event_handler.go:239.16,245.3 2 1
event_service/internal/handler/event_handler.go:246.2,247.16 2 1
event_service/internal/handler/event_handler.go:247.16,250.3 2 1
event_service/internal/handler/event_handler.go:251.2,251.61 1 1
event_service/internal/handler/event_handler.go:254.63,256.29 2 1
event_service/internal/handler/event_handler.go:256.29,262.3 2 1
event_service/internal/handler/event_handler.go:264.2,268.4 2 1
event_service/internal/config/config.go:17.25,41.2 3 1
event_service/internal/repository/event_repository.go:28.74,33.2 1 1
event_service/internal/repository/event_repository.go:35.85,56.49 2 1
event_service/internal/repository/event_repository.go:56.49,58.3 1 1
event_service/internal/repository/event_repository.go:60.2,60.19 1 1
event_service/internal/repository/event_repository.go:63.77,65.91 2 1
event_service/internal/repository/event_repository.go:65.91,66.36 1 1
event_service/internal/repository/event_repository.go:66.36,68.4 1 1
event_service/internal/repository/event_repository.go:70.3,70.63 1 1
event_service/internal/repository/event_repository.go:73.2,73.20 1 1
event_service/internal/repository/event_repository.go:76.90,81.22 4 1
event_service/internal/repository/event_repository.go:81.22,83.3 1 1
event_service/internal/repository/event_repository.go:85.2,85.24 1 1
event_service/internal/repository/event_repository.go:85.24,87.3 1 1
event_service/internal/repository/event_repository.go:89.2,89.46 1 1
event_service/internal/repository/event_repository.go:89.46,91.3 1 1
event_service/internal/repository/event_repository.go:93.2,98.35 2 1
event_service/internal/repository/event_repository.go:98.35,100.3 1 0
event_service/internal/repository/event_repository.go:102.2,102.27 1 1
event_service/internal/repository/event_repository.go:105.104,107.16 2 1
event_service/internal/repository/event_repository.go:107.16,109.3 1 1
event_service/internal/repository/event_repository.go:111.2,131.65 2 1
event_service/internal/repository/event_repository.go:131.65,133.3 1 0
event_service/internal/repository/event_repository.go:135.2,135.90 1 1
event_service/internal/repository/event_repository.go:135.90,137.3 1 0
event_service/internal/repository/event_repository.go:139.2,139.19 1 1
event_service/internal/repository/event_repository.go:142.96,159.16 3 1
event_service/internal/repository/event_repository.go:159.16,161.3 1 1
event_service/internal/repository/event_repository.go:162.2,162.23 1 1
event_service/internal/repository/event_repository.go:162.23,164.3 1 1
event_service/internal/repository/event_repository.go:165.2,165.23 1 1
event_service/internal/repository/event_repository.go:168.101,185.16 3 1
event_service/internal/repository/event_repository.go:185.16,187.3 1 1
event_service/internal/repository/event_repository.go:188.2,188.23 1 1
event_service/internal/repository/event_repository.go:191.59,193.25 2 1
event_service/internal/repository/event_repository.go:193.25,195.3 1 1
event_service/internal/repository/event_repository.go:197.2,197.30 1 1
event_service/internal/repository/event_repository.go:197.30,199.3 1 1
event_service/internal/repository/event_repository.go:201.2,201.12 1 1
event_service/internal/application/app.go:37.46,39.16 2 1
event_service/internal/application/app.go:39.16,41.3 1 1
event_service/internal/application/app.go:43.2,46.16 3 1
event_service/internal/application/app.go:46.16,48.3 1 1
event_service/internal/application/app.go:50.2,70.8 12 1
event_service/internal/application/app.go:73.31,76.2 2 1
event_service/internal/application/app.go:78.53,81.49 2 1
event_service/internal/application/app.go:81.49,84.3 2 0
event_service/internal/application/app.go:86.2,90.12 4 1
event_service/internal/application/app.go:93.39,96.43 2 1
event_service/internal/application/app.go:96.43,99.3 2 0
event_service/internal/application/app.go:101.2,105.12 4 1
event_service/internal/application/app.go:108.27,109.25 1 1
event_service/internal/application/app.go:109.25,111.17 2 1
event_service/internal/application/app.go:111.17,113.4 1 1
