mode: set
event_service/internal/apperror/errors.go:11.35,12.18 1 1
event_service/internal/apperror/errors.go:12.18,14.3 1 1
event_service/internal/apperror/errors.go:16.2,16.18 1 1
event_service/internal/apperror/errors.go:19.35,21.2 1 1
event_service/internal/apperror/errors.go:23.40,25.2 1 1
event_service/internal/apperror/errors.go:27.40,29.2 1 1
event_service/internal/apperror/errors.go:31.42,33.2 1 1
event_service/internal/apperror/errors.go:35.51,37.2 1 1
event_service/internal/apperror/errors.go:39.41,41.2 1 1
event_service/internal/infrastructure/logger/logger.go:14.49,16.16 2 1
event_service/internal/infrastructure/logger/logger.go:16.16,18.3 1 1
event_service/internal/infrastructure/logger/logger.go:20.2,48.23 5 1
event_service/internal/infrastructure/database/postgresql.go:23.60,24.20 1 1
event_service/internal/infrastructure/database/postgresql.go:24.20,26.3 1 1
event_service/internal/infrastructure/database/postgresql.go:28.2,28.23 1 1
event_service/internal/infrastructure/database/postgresql.go:28.23,30.3 1 1
event_service/internal/infrastructure/database/postgresql.go:32.2,45.16 3 1
event_service/internal/infrastructure/database/postgresql.go:45.16,47.3 1 1
event_service/internal/infrastructure/database/postgresql.go:49.2,50.16 2 0
event_service/internal/infrastructure/database/postgresql.go:50.16,52.3 1 0
event_service/internal/infrastructure/database/postgresql.go:54.2,58.37 4 0
event_service/internal/infrastructure/database/postgresql.go:58.37,60.3 1 0
event_service/internal/infrastructure/database/postgresql.go:62.2,62.16 1 0
event_service/internal/models/base.go:17.48,18.22 1 1
event_service/internal/models/base.go:18.22,20.3 1 1
event_service/internal/models/base.go:22.2,22.12 1 1
event_service/internal/models/event.go:44.44,70.2 1 1
event_service/internal/models/event_review.go:19.56,30.2 1 1
event_service/internal/services/event_service.go:32.94,37.2 1 1
event_service/internal/services/event_service.go:39.92,43.16 3 1
event_service/internal/services/event_service.go:43.16,45.3 1 1
event_service/internal/services/event_service.go:47.2,47.27 1 1
event_service/internal/services/event_service.go:50.80,54.16 3 1
event_service/internal/services/event_service.go:54.16,56.3 1 1
event_service/internal/services/event_service.go:58.2,58.27 1 1
event_service/internal/services/event_service.go:61.103,70.16 3 1
event_service/internal/services/event_service.go:70.16,72.3 1 1
event_service/internal/services/event_service.go:74.2,75.31 2 1
event_service/internal/services/event_service.go:75.31,77.3 1 1
event_service/internal/services/event_service.go:79.2,81.42 2 1
event_service/internal/services/event_service.go:84.89,87.2 2 1
event_service/internal/services/event_service.go:89.96,92.2 2 1
event_service/internal/services/event_service.go:94.138,97.2 2 1
event_service/internal/services/event_service.go:99.111,103.16 3 1
event_service/internal/services/event_service.go:103.16,105.3 1 1
event_service/internal/services/event_service.go:107.2,107.27 1 1
event_service/internal/services/event_service.go:110.61,113.2 2 1
event_service/internal/services/event_service.go:115.95,118.16 3 1
event_service/internal/services/event_service.go:118.16,120.3 1 1
event_service/internal/services/event_service.go:121.2,122.33 2 1
event_service/internal/services/event_service.go:122.33,124.3 1 1
event_service/internal/services/event_service.go:125.2,125.23 1 1
event_service/internal/services/event_service.go:128.129,131.16 3 1
event_service/internal/services/event_service.go:131.16,133.3 1 1
event_service/internal/services/event_service.go:134.2,134.28 1 1
event_service/internal/services/event_service.go:137.70,140.2 2 1
event_service/internal/services/event_service.go:142.98,145.2 2 1
event_service/docs/docs.go:406.13,408.2 1 1
event_service/internal/handler/event_handler.go:21.87,26.2 1 1
event_service/internal/handler/event_handler.go:28.92,30.2 2 1
event_service/internal/handler/event_handler.go:30.2,40.3 9 1
event_service/internal/handler/event_handler.go:42.2,43.2 2 1
event_service/internal/handler/event_handler.go:43.2,45.3 1 1
event_service/internal/handler/event_handler.go:47.2,48.2 2 1
event_service/internal/handler/event_handler.go:48.2,51.3 2 1
event_service/internal/handler/event_handler.go:65.52,67.47 2 1
event_service/internal/handler/event_handler.go:67.47,73.3 2 1
event_service/internal/handler/event_handler.go:75.2,76.15 2 1
event_service/internal/handler/event_handler.go:76.15,82.3 2 0
event_service/internal/handler/event_handler.go:83.2,86.16 3 1
event_service/internal/handler/event_handler.go:86.16,89.3 2 1
event_service/internal/handler/event_handler.go:91.2,94.4 1 1
event_service/internal/handler/event_handler.go:108.49,110.16 2 1
event_service/internal/handler/event_handler.go:110.16,116.3 2 1
event_service/internal/handler/event_handler.go:118.2,119.16 2 1
event_service/internal/handler/event_handler.go:119.16,122.3 2 1
event_service/internal/handler/event_handler.go:124.2,124.57 1 1
event_service/internal/handler/event_handler.go:140.51,142.50 2 1
event_service/internal/handler/event_handler.go:142.50,148.3 2 1
event_service/internal/handler/event_handler.go:150.2,151.16 2 1
event_service/internal/handler/event_handler.go:151.16,154.3 2 1
event_service/internal/handler/event_handler.go:156.2,162.4 1 1
event_service/internal/handler/event_handler.go:178.52,180.16 2 1
event_service/internal/handler/event_handler.go:180.16,186.3 2 1
event_service/internal/handler/event_handler.go:188.2,189.15 2 1
event_service/internal/handler/event_handler.go:189.15,195.3 2 1
event_service/internal/handler/event_handler.go:197.2,198.16 2 1
event_service/internal/handler/event_handler.go:198.16,201.3 2 0
event_service/internal/handler/event_handler.go:203.2,203.87 1 1
event_service/internal/handler/event_handler.go:203.87,209.3 2 1
event_service/internal/handler/event_handler.go:211.2,212.47 2 1
event_service/internal/handler/event_handler.go:212.47,218.3 2 1
event_service/internal/handler/event_handler.go:220.2,221.16 2 1
event_service/internal/handler/event_handler.go:221.16,224.3 2 1
event_service/internal/handler/event_handler.go:226.2,229.4 1 1
event_service/internal/handler/event_handler.go:243.52,245.16 2 1
event_service/internal/handler/event_handler.go:245.16,251.3 2 1
event_service/internal/handler/event_handler.go:253.2,254.15 2 1
event_service/internal/handler/event_handler.go:254.15,260.3 2 1
event_service/internal/handler/event_handler.go:262.2,263.16 2 1
event_service/internal/handler/event_handler.go:263.16,266.3 2 0
event_service/internal/handler/event_handler.go:268.2,268.87 1 1
event_service/internal/handler/event_handler.go:268.87,274.3 2 1
event_service/internal/handler/event_handler.go:276.2,276.55 1 1
event_service/internal/handler/event_handler.go:276.55,279.3 2 1
event_service/internal/handler/event_handler.go:281.2,283.4 1 1
event_service/internal/handler/event_handler.go:286.57,288.16 2 1
event_service/internal/handler/event_handler.go:288.16,294.3 2 1
event_service/internal/handler/event_handler.go:296.2,297.16 2 1
event_service/internal/handler/event_handler.go:297.16,300.3 2 1
event_service/internal/handler/event_handler.go:301.2,301.59 1 1
event_service/internal/handler/event_handler.go:304.58,306.16 2 1
event_service/internal/handler/event_handler.go:306.16,312.3 2 1
event_service/internal/handler/event_handler.go:314.2,315.15 2 1
event_service/internal/handler/event_handler.go:315.15,321.3 2 0
event_service/internal/handler/event_handler.go:323.2,324.47 2 1
event_service/internal/handler/event_handler.go:324.47,330.3 2 1
event_service/internal/handler/event_handler.go:331.2,334.16 3 1
event_service/internal/handler/event_handler.go:334.16,337.3 2 1
event_service/internal/handler/event_handler.go:339.2,342.4 1 1
event_service/internal/handler/event_handler.go:345.52,347.16 2 1
event_service/internal/handler/event_handler.go:347.16,353.3 2 1
event_service/internal/handler/event_handler.go:354.2,355.16 2 1
event_service/internal/handler/event_handler.go:355.16,358.3 2 1
event_service/internal/handler/event_handler.go:359.2,359.60 1 1
event_service/internal/handler/event_handler.go:362.61,364.16 2 1
event_service/internal/handler/event_handler.go:364.16,370.3 2 1
event_service/internal/handler/event_handler.go:371.2,372.16 2 1
event_service/internal/handler/event_handler.go:372.16,375.3 2 1
event_service/internal/handler/event_handler.go:376.2,376.61 1 1
event_service/internal/handler/event_handler.go:379.62,381.16 2 1
event_service/internal/handler/event_handler.go:381.16,387.3 2 1
event_service/internal/handler/event_handler.go:389.2,390.15 2 1
event_service/internal/handler/event_handler.go:390.15,396.3 2 1
event_service/internal/handler/event_handler.go:398.2,399.16 2 1
event_service/internal/handler/event_handler.go:399.16,402.3 2 0
event_service/internal/handler/event_handler.go:404.2,404.87 1 1
event_service/internal/handler/event_handler.go:404.87,410.3 2 1
event_service/internal/handler/event_handler.go:412.2,413.47 2 1
event_service/internal/handler/event_handler.go:413.47,419.3 2 1
event_service/internal/handler/event_handler.go:420.2,421.16 2 1
event_service/internal/handler/event_handler.go:421.16,424.3 2 1
event_service/internal/handler/event_handler.go:425.2,428.4 1 1
event_service/internal/handler/event_handler.go:431.63,433.29 2 1
event_service/internal/handler/event_handler.go:433.29,439.3 2 1
event_service/internal/handler/event_handler.go:441.2,445.4 2 1
event_service/internal/handler/event_handler.go:448.53,450.16 2 1
event_service/internal/handler/event_handler.go:450.16,453.3 2 1
event_service/internal/handler/event_handler.go:454.2,454.60 1 1
event_service/internal/handler/event_handler.go:457.54,459.47 2 1
event_service/internal/handler/event_handler.go:459.47,465.3 2 1
event_service/internal/handler/event_handler.go:467.2,468.16 2 1
event_service/internal/handler/event_handler.go:468.16,471.3 2 1
event_service/internal/handler/event_handler.go:473.2,476.4 1 1
event_service/internal/server/server.go:28.50,36.41 4 1
event_service/internal/server/server.go:36.41,37.30 1 1
event_service/internal/server/server.go:37.30,40.4 2 1
event_service/internal/server/server.go:41.3,41.32 1 1
event_service/internal/server/server.go:44.2,53.53 5 1
event_service/internal/server/server.go:53.53,55.4 1 0
event_service/internal/server/server.go:58.2,58.10 1 1
event_service/internal/server/server.go:61.36,62.81 1 1
event_service/internal/server/server.go:62.81,64.3 1 1
event_service/internal/server/server.go:66.2,66.12 1 0
event_service/internal/server/server.go:69.58,73.47 3 1
event_service/internal/server/server.go:73.47,75.3 1 0
event_service/internal/server/server.go:77.2,77.12 1 1
event_service/internal/server/server.go:80.36,85.24 4 1
event_service/internal/server/server.go:85.24,87.3 1 1
event_service/internal/server/server.go:89.2,89.47 1 1
event_service/internal/server/server.go:89.47,91.3 1 0
event_service/internal/server/server.go:93.2,93.12 1 1
event_service/internal/server/server.go:96.43,98.2 1 1
event_service/internal/server/server.go:100.42,101.28 1 1
event_service/internal/server/server.go:101.28,103.3 1 1
event_service/internal/config/config.go:23.25,51.2 3 1
event_service/internal/config/config.go:53.63,54.17 1 1
event_service/internal/config/config.go:54.17,56.3 1 1
event_service/internal/config/config.go:57.2,57.14 1 1
event_service/internal/middleware/auth.go:24.50,25.30 1 1
event_service/internal/middleware/auth.go:25.30,27.47 2 1
event_service/internal/middleware/auth.go:27.47,33.4 2 1
event_service/internal/middleware/auth.go:35.3,37.102 3 1
event_service/internal/middleware/auth.go:37.102,38.72 1 1
event_service/internal/middleware/auth.go:38.72,40.5 1 1
event_service/internal/middleware/auth.go:41.4,41.37 1 1
event_service/internal/middleware/auth.go:43.3,43.60 1 1
event_service/internal/middleware/auth.go:43.60,49.4 2 1
event_service/internal/middleware/auth.go:50.3,50.51 1 1
event_service/internal/middleware/auth.go:50.51,56.4 2 1
event_service/internal/middleware/auth.go:58.3,60.11 3 1
event_service/internal/middleware/auth.go:64.50,66.13 2 1
event_service/internal/middleware/auth.go:66.13,68.3 1 1
event_service/internal/middleware/auth.go:69.2,70.9 2 1
event_service/internal/middleware/auth.go:70.9,72.3 1 0
event_service/internal/middleware/auth.go:73.2,74.16 2 1
event_service/internal/middleware/auth.go:74.16,76.3 1 0
event_service/internal/middleware/auth.go:77.2,77.17 1 1
event_service/internal/middleware/auth.go:80.37,82.13 2 1
event_service/internal/middleware/auth.go:82.13,84.3 1 1
event_service/internal/middleware/auth.go:85.2,86.16 2 1
event_service/internal/middleware/auth.go:89.37,90.30 1 1
event_service/internal/middleware/auth.go:90.30,92.22 2 1
event_service/internal/middleware/auth.go:92.22,98.4 2 1
event_service/internal/middleware/auth.go:99.3,99.11 1 1
event_service/internal/middleware/auth.go:103.54,105.29 2 1
event_service/internal/middleware/auth.go:105.29,107.3 1 1
event_service/internal/middleware/auth.go:108.2,108.30 1 1
event_service/internal/middleware/auth.go:108.30,110.34 2 1
event_service/internal/middleware/auth.go:110.34,116.4 2 1
event_service/internal/middleware/auth.go:117.3,117.11 1 1
event_service/internal/middleware/middleware.go:11.56,12.30 1 1
event_service/internal/middleware/middleware.go:12.30,32.20 8 1
event_service/internal/middleware/middleware.go:32.20,34.4 1 1
event_service/internal/middleware/middleware.go:34.9,34.27 1 1
event_service/internal/middleware/middleware.go:34.27,36.4 1 0
event_service/internal/middleware/middleware.go:36.9,38.4 1 1
event_service/internal/middleware/middleware.go:42.29,43.30 1 1
event_service/internal/middleware/middleware.go:43.30,50.45 6 1
event_service/internal/middleware/middleware.go:50.45,53.4 2 1
event_service/internal/middleware/middleware.go:55.3,55.11 1 1
event_service/internal/middleware/middleware.go:59.34,60.30 1 1
event_service/internal/middleware/middleware.go:60.30,62.22 2 1
event_service/internal/middleware/middleware.go:62.22,64.4 1 1
event_service/internal/middleware/middleware.go:66.3,68.11 3 1
event_service/internal/middleware/middleware.go:72.33,74.2 1 1
event_service/internal/middleware/middleware.go:76.33,79.19 3 1
event_service/internal/middleware/middleware.go:79.19,82.3 2 1
event_service/internal/middleware/middleware.go:84.2,84.18 1 1
event_service/cmd/server/main.go:19.13,21.2 1 0
event_service/cmd/server/main.go:39.31,42.63 1 1
event_service/cmd/server/main.go:42.63,42.97 1 0
event_service/cmd/server/main.go:52.28,57.16 4 1
event_service/cmd/server/main.go:57.16,58.13 1 0
event_service/cmd/server/main.go:61.2,61.12 1 1
event_service/cmd/server/main.go:61.12,62.37 1 1
event_service/cmd/server/main.go:62.37,63.14 1 0
event_service/cmd/server/main.go:67.2,77.12 8 1
event_service/cmd/server/main.go:77.12,78.51 1 1
event_service/cmd/server/main.go:78.51,80.4 1 1
event_service/cmd/server/main.go:81.3,81.14 1 1
event_service/cmd/server/main.go:84.2,84.9 1 1
event_service/cmd/server/main.go:85.20,87.11 2 1
event_service/cmd/server/main.go:88.14,90.11 2 1
event_service/internal/application/app.go:37.46,39.16 2 1
event_service/internal/application/app.go:39.16,41.3 1 1
event_service/internal/application/app.go:43.2,46.16 3 1
event_service/internal/application/app.go:46.16,48.3 1 1
event_service/internal/application/app.go:50.2,76.8 13 1
event_service/internal/application/app.go:79.31,82.2 2 1
event_service/internal/application/app.go:84.53,87.49 2 1
event_service/internal/application/app.go:87.49,90.3 2 0
event_service/internal/application/app.go:92.2,96.12 4 1
event_service/internal/application/app.go:99.39,102.43 2 1
event_service/internal/application/app.go:102.43,105.3 2 0
event_service/internal/application/app.go:107.2,111.12 4 1
event_service/internal/application/app.go:114.27,115.25 1 1
event_service/internal/application/app.go:115.25,117.17 2 1
event_service/internal/application/app.go:117.17,119.4 1 1
event_service/internal/repository/event_repository.go:36.74,41.2 1 1
event_service/internal/repository/event_repository.go:43.85,45.16 2 1
event_service/internal/repository/event_repository.go:45.16,47.3 1 1
event_service/internal/repository/event_repository.go:49.2,72.49 2 1
event_service/internal/repository/event_repository.go:72.49,74.3 1 1
event_service/internal/repository/event_repository.go:76.2,76.19 1 1
event_service/internal/repository/event_repository.go:79.77,81.91 2 1
event_service/internal/repository/event_repository.go:81.91,82.36 1 1
event_service/internal/repository/event_repository.go:82.36,84.4 1 1
event_service/internal/repository/event_repository.go:86.3,86.63 1 1
event_service/internal/repository/event_repository.go:89.2,89.20 1 1
event_service/internal/repository/event_repository.go:92.90,97.22 4 1
event_service/internal/repository/event_repository.go:97.22,99.3 1 1
event_service/internal/repository/event_repository.go:101.2,101.24 1 1
event_service/internal/repository/event_repository.go:101.24,103.3 1 1
event_service/internal/repository/event_repository.go:105.2,105.46 1 1
event_service/internal/repository/event_repository.go:105.46,107.3 1 1
event_service/internal/repository/event_repository.go:109.2,114.35 2 1
event_service/internal/repository/event_repository.go:114.35,116.3 1 1
event_service/internal/repository/event_repository.go:118.2,118.27 1 1
event_service/internal/repository/event_repository.go:121.104,123.16 2 1
event_service/internal/repository/event_repository.go:123.16,125.3 1 1
event_service/internal/repository/event_repository.go:127.2,149.65 2 1
event_service/internal/repository/event_repository.go:149.65,151.3 1 1
event_service/internal/repository/event_repository.go:153.2,153.90 1 1
event_service/internal/repository/event_repository.go:153.90,155.3 1 0
event_service/internal/repository/event_repository.go:157.2,157.19 1 1
event_service/internal/repository/event_repository.go:160.96,179.16 3 1
event_service/internal/repository/event_repository.go:179.16,181.3 1 1
event_service/internal/repository/event_repository.go:182.2,182.23 1 1
event_service/internal/repository/event_repository.go:182.23,184.3 1 1
event_service/internal/repository/event_repository.go:185.2,185.23 1 1
event_service/internal/repository/event_repository.go:188.101,207.16 3 1
event_service/internal/repository/event_repository.go:207.16,209.3 1 1
event_service/internal/repository/event_repository.go:210.2,210.23 1 1
event_service/internal/repository/event_repository.go:213.59,215.25 2 1
event_service/internal/repository/event_repository.go:215.25,217.3 1 1
event_service/internal/repository/event_repository.go:219.2,219.30 1 1
event_service/internal/repository/event_repository.go:219.30,221.3 1 1
event_service/internal/repository/event_repository.go:223.2,223.12 1 1
event_service/internal/repository/event_repository.go:226.97,231.36 2 1
event_service/internal/repository/event_repository.go:231.36,233.3 1 0
event_service/internal/repository/event_repository.go:234.2,234.21 1 1
event_service/internal/repository/event_repository.go:237.122,239.16 2 1
event_service/internal/repository/event_repository.go:239.16,241.3 1 1
event_service/internal/repository/event_repository.go:243.2,246.40 2 1
event_service/internal/repository/event_repository.go:246.40,248.3 1 0
event_service/internal/repository/event_repository.go:249.2,249.21 1 1
event_service/internal/repository/event_repository.go:249.21,251.3 1 1
event_service/internal/repository/event_repository.go:253.2,254.22 2 1
event_service/internal/repository/event_repository.go:254.22,256.3 1 1
event_service/internal/repository/event_repository.go:258.2,266.50 2 1
event_service/internal/repository/event_repository.go:266.50,268.3 1 0
event_service/internal/repository/event_repository.go:269.2,269.20 1 1
event_service/internal/repository/event_repository.go:272.73,286.16 3 1
event_service/internal/repository/event_repository.go:286.16,288.3 1 1
event_service/internal/repository/event_repository.go:289.2,289.53 1 1
event_service/internal/repository/event_repository.go:289.53,291.3 1 1
event_service/internal/repository/event_repository.go:292.2,292.22 1 1
event_service/internal/repository/event_repository.go:295.101,297.21 2 1
event_service/internal/repository/event_repository.go:297.21,299.3 1 1
event_service/internal/repository/event_repository.go:300.2,300.15 1 1
event_service/internal/repository/event_repository.go:300.15,301.23 1 1
event_service/internal/repository/event_repository.go:301.23,303.4 1 0
event_service/internal/repository/event_repository.go:306.2,313.22 4 1
event_service/internal/repository/event_repository.go:313.22,316.3 2 1
event_service/internal/repository/event_repository.go:318.2,321.22 1 1
event_service/internal/repository/event_repository.go:321.22,324.3 2 1
event_service/internal/repository/event_repository.go:326.2,326.33 1 1
event_service/internal/repository/event_repository.go:326.33,330.23 1 1
event_service/internal/repository/event_repository.go:330.23,333.4 2 1
event_service/internal/repository/event_repository.go:336.2,336.42 1 1
event_service/internal/repository/event_repository.go:336.42,338.3 1 1
event_service/internal/repository/event_repository.go:340.2,341.16 2 1
event_service/internal/repository/event_repository.go:341.16,343.3 1 0
event_service/internal/repository/event_repository.go:344.2,344.21 1 1
event_service/internal/repository/event_repository.go:347.93,361.16 3 1
event_service/internal/repository/event_repository.go:361.16,363.3 1 1
event_service/internal/repository/event_repository.go:364.2,364.22 1 1
event_service/internal/repository/event_repository.go:364.22,366.3 1 1
event_service/internal/repository/event_repository.go:367.2,368.53 2 1
event_service/internal/repository/event_repository.go:368.53,370.3 1 0
event_service/internal/repository/event_repository.go:371.2,371.26 1 1
event_service/internal/repository/event_repository.go:374.82,375.24 1 1
event_service/internal/repository/event_repository.go:375.24,377.3 1 1
event_service/internal/repository/event_repository.go:379.2,381.30 3 1
event_service/internal/repository/event_repository.go:381.30,383.17 2 1
event_service/internal/repository/event_repository.go:383.17,385.4 1 1
event_service/internal/repository/event_repository.go:386.3,387.40 2 1
event_service/internal/repository/event_repository.go:390.2,412.16 4 1
event_service/internal/repository/event_repository.go:412.16,414.3 1 1
event_service/internal/repository/event_repository.go:416.2,416.27 1 1
event_service/internal/repository/event_repository.go:416.27,417.48 1 1
event_service/internal/repository/event_repository.go:417.48,419.4 1 1
event_service/internal/repository/event_repository.go:421.2,421.12 1 1
event_service/internal/repository/event_repository.go:424.143,425.46 1 1
event_service/internal/repository/event_repository.go:425.46,427.3 1 1
event_service/internal/repository/event_repository.go:428.2,429.21 2 1
event_service/internal/repository/event_repository.go:429.21,431.3 1 1
event_service/internal/repository/event_repository.go:432.2,432.15 1 1
event_service/internal/repository/event_repository.go:432.15,433.23 1 1
event_service/internal/repository/event_repository.go:433.23,435.4 1 0
event_service/internal/repository/event_repository.go:438.2,440.25 2 1
event_service/internal/repository/event_repository.go:440.25,441.156 1 1
event_service/internal/repository/event_repository.go:441.156,444.4 2 0
event_service/internal/repository/event_repository.go:445.3,445.43 1 1
event_service/internal/repository/event_repository.go:445.43,447.4 1 0
event_service/internal/repository/event_repository.go:448.3,448.43 1 1
event_service/internal/repository/event_repository.go:451.2,453.37 2 1
event_service/internal/repository/event_repository.go:453.37,455.24 2 1
event_service/internal/repository/event_repository.go:455.24,457.4 1 1
event_service/internal/repository/event_repository.go:458.3,459.22 2 1
event_service/internal/repository/event_repository.go:459.22,461.4 1 1
event_service/internal/repository/event_repository.go:462.3,462.25 1 1
event_service/internal/repository/event_repository.go:462.25,464.4 1 1
event_service/internal/repository/event_repository.go:466.3,467.58 2 1
event_service/internal/repository/event_repository.go:467.58,468.70 1 1
event_service/internal/repository/event_repository.go:468.70,470.152 2 1
event_service/internal/repository/event_repository.go:470.152,473.6 2 0
event_service/internal/repository/event_repository.go:474.5,474.17 1 1
event_service/internal/repository/event_repository.go:474.17,476.6 1 1
event_service/internal/repository/event_repository.go:480.3,480.24 1 1
event_service/internal/repository/event_repository.go:480.24,483.179 3 1
event_service/internal/repository/event_repository.go:483.179,486.5 2 0
event_service/internal/repository/event_repository.go:487.4,491.180 4 1
event_service/internal/repository/event_repository.go:491.180,495.5 1 1
event_service/internal/repository/event_repository.go:495.10,497.5 1 1
event_service/internal/repository/event_repository.go:499.4,503.130 1 1
event_service/internal/repository/event_repository.go:503.130,506.5 2 0
event_service/internal/repository/event_repository.go:509.4,514.73 1 1
event_service/internal/repository/event_repository.go:514.73,517.5 2 0
event_service/internal/repository/event_repository.go:520.4,520.43 1 1
event_service/internal/repository/event_repository.go:520.43,521.105 1 1
event_service/internal/repository/event_repository.go:521.105,524.6 2 0
event_service/internal/repository/event_repository.go:525.5,525.108 1 1
event_service/internal/repository/event_repository.go:525.108,528.6 2 0
event_service/internal/repository/event_repository.go:530.5,535.66 1 1
event_service/internal/repository/event_repository.go:535.66,538.6 2 0
event_service/internal/repository/event_repository.go:540.5,551.66 1 1
event_service/internal/repository/event_repository.go:551.66,554.6 2 0
event_service/internal/repository/event_repository.go:555.10,567.61 1 1
event_service/internal/repository/event_repository.go:567.61,570.6 2 0
event_service/internal/repository/event_repository.go:573.4,574.12 2 1
event_service/internal/repository/event_repository.go:577.3,586.166 5 1
event_service/internal/repository/event_repository.go:586.166,589.4 2 1
event_service/internal/repository/event_repository.go:591.3,591.31 1 1
event_service/internal/repository/event_repository.go:591.31,597.74 1 1
event_service/internal/repository/event_repository.go:597.74,600.5 2 0
event_service/internal/repository/event_repository.go:602.4,605.24 1 1
event_service/internal/repository/event_repository.go:605.24,608.5 2 0
event_service/internal/repository/event_repository.go:611.4,616.67 1 1
event_service/internal/repository/event_repository.go:616.67,619.5 2 0
event_service/internal/repository/event_repository.go:622.4,633.67 1 1
event_service/internal/repository/event_repository.go:633.67,636.5 2 0
event_service/internal/repository/event_repository.go:637.9,645.24 3 1
event_service/internal/repository/event_repository.go:645.24,648.5 2 1
event_service/internal/repository/event_repository.go:650.4,653.24 1 1
event_service/internal/repository/event_repository.go:653.24,656.5 2 1
event_service/internal/repository/event_repository.go:658.4,661.24 1 1
event_service/internal/repository/event_repository.go:661.24,664.5 2 1
event_service/internal/repository/event_repository.go:667.3,667.42 1 1
event_service/internal/repository/event_repository.go:670.2,671.23 2 1
event_service/internal/repository/event_repository.go:671.23,673.3 1 1
event_service/internal/repository/event_repository.go:674.2,677.23 1 1
event_service/internal/repository/event_repository.go:677.23,680.3 2 1
event_service/internal/repository/event_repository.go:682.2,682.42 1 1
event_service/internal/repository/event_repository.go:682.42,684.3 1 1
event_service/internal/repository/event_repository.go:685.2,685.42 1 1
