mode: set
event_service/internal/infrastructure/logger/logger.go:14.49,16.16 2 1
event_service/internal/infrastructure/logger/logger.go:16.16,18.3 1 1
event_service/internal/infrastructure/logger/logger.go:20.2,48.23 5 1
event_service/internal/apperror/errors.go:11.35,12.18 1 1
event_service/internal/apperror/errors.go:12.18,14.3 1 1
event_service/internal/apperror/errors.go:16.2,16.18 1 1
event_service/internal/apperror/errors.go:19.35,21.2 1 1
event_service/internal/apperror/errors.go:23.40,25.2 1 1
event_service/internal/apperror/errors.go:27.40,29.2 1 1
event_service/internal/apperror/errors.go:31.42,33.2 1 1
event_service/internal/apperror/errors.go:35.51,37.2 1 1
event_service/internal/apperror/errors.go:39.41,41.2 1 1
event_service/internal/models/base.go:17.48,18.22 1 1
event_service/internal/models/base.go:18.22,20.3 1 1
event_service/internal/models/base.go:22.2,22.12 1 1
event_service/internal/models/event.go:38.44,61.2 1 1
event_service/internal/services/event_service.go:28.94,33.2 1 1
event_service/internal/services/event_service.go:35.92,39.16 3 1
event_service/internal/services/event_service.go:39.16,41.3 1 1
event_service/internal/services/event_service.go:43.2,43.27 1 1
event_service/internal/services/event_service.go:46.80,50.16 3 1
event_service/internal/services/event_service.go:50.16,52.3 1 1
event_service/internal/services/event_service.go:54.2,54.27 1 1
event_service/internal/services/event_service.go:57.103,66.16 3 1
event_service/internal/services/event_service.go:66.16,68.3 1 1
event_service/internal/services/event_service.go:70.2,71.31 2 1
event_service/internal/services/event_service.go:71.31,73.3 1 1
event_service/internal/services/event_service.go:75.2,77.42 2 1
event_service/internal/services/event_service.go:80.89,83.2 2 1
event_service/internal/services/event_service.go:85.96,88.2 2 1
event_service/internal/services/event_service.go:90.138,93.2 2 1
event_service/internal/services/event_service.go:95.111,99.16 3 1
event_service/internal/services/event_service.go:99.16,101.3 1 1
event_service/internal/services/event_service.go:103.2,103.27 1 1
event_service/internal/services/event_service.go:106.61,109.2 2 1
event_service/internal/infrastructure/database/postgresql.go:23.60,24.20 1 1
event_service/internal/infrastructure/database/postgresql.go:24.20,26.3 1 1
event_service/internal/infrastructure/database/postgresql.go:28.2,28.23 1 1
event_service/internal/infrastructure/database/postgresql.go:28.23,30.3 1 1
event_service/internal/infrastructure/database/postgresql.go:32.2,45.16 3 1
event_service/internal/infrastructure/database/postgresql.go:45.16,47.3 1 1
event_service/internal/infrastructure/database/postgresql.go:49.2,50.16 2 0
event_service/internal/infrastructure/database/postgresql.go:50.16,52.3 1 0
event_service/internal/infrastructure/database/postgresql.go:54.2,58.37 4 0
event_service/internal/infrastructure/database/postgresql.go:58.37,60.3 1 0
event_service/internal/infrastructure/database/postgresql.go:62.2,62.16 1 0
event_service/docs/docs.go:406.13,408.2 1 1
event_service/internal/middleware/middleware.go:11.56,12.30 1 1
event_service/internal/middleware/middleware.go:12.30,32.20 8 1
event_service/internal/middleware/middleware.go:32.20,34.4 1 0
event_service/internal/middleware/middleware.go:34.9,34.27 1 1
event_service/internal/middleware/middleware.go:34.27,36.4 1 0
event_service/internal/middleware/middleware.go:36.9,38.4 1 1
event_service/internal/middleware/middleware.go:42.29,43.30 1 1
event_service/internal/middleware/middleware.go:43.30,50.45 6 1
event_service/internal/middleware/middleware.go:50.45,53.4 2 1
event_service/internal/middleware/middleware.go:55.3,55.11 1 1
event_service/internal/middleware/middleware.go:59.34,60.30 1 1
event_service/internal/middleware/middleware.go:60.30,62.22 2 1
event_service/internal/middleware/middleware.go:62.22,64.4 1 1
event_service/internal/middleware/middleware.go:66.3,68.11 3 1
event_service/internal/middleware/middleware.go:72.33,74.2 1 1
event_service/internal/middleware/middleware.go:76.33,79.19 3 1
event_service/internal/middleware/middleware.go:79.19,82.3 2 1
event_service/internal/middleware/middleware.go:84.2,84.18 1 1
event_service/internal/handler/event_handler.go:20.87,25.2 1 1
event_service/internal/handler/event_handler.go:27.60,29.2 2 1
event_service/internal/handler/event_handler.go:29.2,37.3 7 1
event_service/internal/handler/event_handler.go:39.2,40.2 2 1
event_service/internal/handler/event_handler.go:40.2,42.3 1 1
event_service/internal/handler/event_handler.go:56.52,58.47 2 1
event_service/internal/handler/event_handler.go:58.47,64.3 2 1
event_service/internal/handler/event_handler.go:66.2,67.16 2 1
event_service/internal/handler/event_handler.go:67.16,70.3 2 0
event_service/internal/handler/event_handler.go:72.2,75.4 1 1
event_service/internal/handler/event_handler.go:89.49,91.16 2 1
event_service/internal/handler/event_handler.go:91.16,97.3 2 1
event_service/internal/handler/event_handler.go:99.2,100.16 2 1
event_service/internal/handler/event_handler.go:100.16,103.3 2 1
event_service/internal/handler/event_handler.go:105.2,105.57 1 1
event_service/internal/handler/event_handler.go:121.51,123.50 2 1
event_service/internal/handler/event_handler.go:123.50,129.3 2 1
event_service/internal/handler/event_handler.go:131.2,132.16 2 1
event_service/internal/handler/event_handler.go:132.16,135.3 2 1
event_service/internal/handler/event_handler.go:137.2,143.4 1 1
event_service/internal/handler/event_handler.go:159.52,161.16 2 1
event_service/internal/handler/event_handler.go:161.16,167.3 2 1
event_service/internal/handler/event_handler.go:169.2,170.47 2 1
event_service/internal/handler/event_handler.go:170.47,176.3 2 1
event_service/internal/handler/event_handler.go:178.2,179.16 2 1
event_service/internal/handler/event_handler.go:179.16,182.3 2 1
event_service/internal/handler/event_handler.go:184.2,187.4 1 1
event_service/internal/handler/event_handler.go:201.52,203.16 2 1
event_service/internal/handler/event_handler.go:203.16,209.3 2 0
event_service/internal/handler/event_handler.go:211.2,211.55 1 1
event_service/internal/handler/event_handler.go:211.55,214.3 2 1
event_service/internal/handler/event_handler.go:216.2,218.4 1 1
event_service/internal/handler/event_handler.go:221.52,223.16 2 1
event_service/internal/handler/event_handler.go:223.16,229.3 2 1
event_service/internal/handler/event_handler.go:230.2,231.16 2 1
event_service/internal/handler/event_handler.go:231.16,234.3 2 1
event_service/internal/handler/event_handler.go:235.2,235.60 1 1
event_service/internal/handler/event_handler.go:238.61,240.16 2 1
event_service/internal/handler/event_handler.go:240.16,246.3 2 1
event_service/internal/handler/event_handler.go:247.2,248.16 2 1
event_service/internal/handler/event_handler.go:248.16,251.3 2 1
event_service/internal/handler/event_handler.go:252.2,252.61 1 1
event_service/internal/handler/event_handler.go:255.62,257.16 2 1
event_service/internal/handler/event_handler.go:257.16,263.3 2 1
event_service/internal/handler/event_handler.go:264.2,265.47 2 1
event_service/internal/handler/event_handler.go:265.47,271.3 2 1
event_service/internal/handler/event_handler.go:272.2,273.16 2 1
event_service/internal/handler/event_handler.go:273.16,276.3 2 1
event_service/internal/handler/event_handler.go:277.2,280.4 1 1
event_service/internal/handler/event_handler.go:283.63,285.29 2 1
event_service/internal/handler/event_handler.go:285.29,291.3 2 1
event_service/internal/handler/event_handler.go:293.2,297.4 2 1
event_service/internal/config/config.go:17.25,41.2 3 1
event_service/internal/server/server.go:28.50,36.41 4 1
event_service/internal/server/server.go:36.41,37.30 1 1
event_service/internal/server/server.go:37.30,40.4 2 1
event_service/internal/server/server.go:41.3,41.32 1 1
event_service/internal/server/server.go:44.2,53.53 5 1
event_service/internal/server/server.go:53.53,55.4 1 0
event_service/internal/server/server.go:58.2,58.10 1 1
event_service/internal/server/server.go:61.36,62.81 1 1
event_service/internal/server/server.go:62.81,64.3 1 1
event_service/internal/server/server.go:66.2,66.12 1 0
event_service/internal/server/server.go:69.58,73.47 3 1
event_service/internal/server/server.go:73.47,75.3 1 0
event_service/internal/server/server.go:77.2,77.12 1 1
event_service/internal/server/server.go:80.36,85.24 4 1
event_service/internal/server/server.go:85.24,87.3 1 1
event_service/internal/server/server.go:89.2,89.47 1 1
event_service/internal/server/server.go:89.47,91.3 1 0
event_service/internal/server/server.go:93.2,93.12 1 1
event_service/internal/server/server.go:96.43,98.2 1 1
event_service/internal/server/server.go:100.42,101.28 1 1
event_service/internal/server/server.go:101.28,103.3 1 1
event_service/internal/application/app.go:37.46,39.16 2 1
event_service/internal/application/app.go:39.16,41.3 1 1
event_service/internal/application/app.go:43.2,46.16 3 1
event_service/internal/application/app.go:46.16,48.3 1 1
event_service/internal/application/app.go:50.2,70.8 12 1
event_service/internal/application/app.go:73.31,76.2 2 1
event_service/internal/application/app.go:78.53,81.49 2 1
event_service/internal/application/app.go:81.49,84.3 2 0
event_service/internal/application/app.go:86.2,90.12 4 1
event_service/internal/application/app.go:93.39,96.43 2 1
event_service/internal/application/app.go:96.43,99.3 2 0
event_service/internal/application/app.go:101.2,105.12 4 1
event_service/internal/application/app.go:108.27,109.25 1 1
event_service/internal/application/app.go:109.25,111.17 2 1
event_service/internal/application/app.go:111.17,113.4 1 1
event_service/cmd/server/main.go:19.13,21.2 1 0
event_service/cmd/server/main.go:39.31,42.63 1 0
event_service/cmd/server/main.go:42.63,42.97 1 0
event_service/cmd/server/main.go:52.28,57.16 4 1
event_service/cmd/server/main.go:57.16,58.13 1 0
event_service/cmd/server/main.go:61.2,61.12 1 1
event_service/cmd/server/main.go:61.12,62.37 1 1
event_service/cmd/server/main.go:62.37,63.14 1 0
event_service/cmd/server/main.go:67.2,77.12 8 1
event_service/cmd/server/main.go:77.12,78.51 1 1
event_service/cmd/server/main.go:78.51,80.4 1 1
event_service/cmd/server/main.go:81.3,81.14 1 1
event_service/cmd/server/main.go:84.2,84.9 1 1
event_service/cmd/server/main.go:85.20,87.11 2 1
event_service/cmd/server/main.go:88.14,90.11 2 1
event_service/internal/repository/event_repository.go:31.74,36.2 1 1
event_service/internal/repository/event_repository.go:38.85,59.49 2 1
event_service/internal/repository/event_repository.go:59.49,61.3 1 1
event_service/internal/repository/event_repository.go:63.2,63.19 1 1
event_service/internal/repository/event_repository.go:66.77,68.91 2 1
event_service/internal/repository/event_repository.go:68.91,69.36 1 1
event_service/internal/repository/event_repository.go:69.36,71.4 1 1
event_service/internal/repository/event_repository.go:73.3,73.63 1 1
event_service/internal/repository/event_repository.go:76.2,76.20 1 1
event_service/internal/repository/event_repository.go:79.90,84.22 4 1
event_service/internal/repository/event_repository.go:84.22,86.3 1 1
event_service/internal/repository/event_repository.go:88.2,88.24 1 1
event_service/internal/repository/event_repository.go:88.24,90.3 1 1
event_service/internal/repository/event_repository.go:92.2,92.46 1 1
event_service/internal/repository/event_repository.go:92.46,94.3 1 1
event_service/internal/repository/event_repository.go:96.2,101.35 2 1
event_service/internal/repository/event_repository.go:101.35,103.3 1 0
event_service/internal/repository/event_repository.go:105.2,105.27 1 1
event_service/internal/repository/event_repository.go:108.104,110.16 2 1
event_service/internal/repository/event_repository.go:110.16,112.3 1 1
event_service/internal/repository/event_repository.go:114.2,134.65 2 1
event_service/internal/repository/event_repository.go:134.65,136.3 1 0
event_service/internal/repository/event_repository.go:138.2,138.90 1 1
event_service/internal/repository/event_repository.go:138.90,140.3 1 0
event_service/internal/repository/event_repository.go:142.2,142.19 1 1
event_service/internal/repository/event_repository.go:145.96,162.16 3 1
event_service/internal/repository/event_repository.go:162.16,164.3 1 1
event_service/internal/repository/event_repository.go:165.2,165.23 1 1
event_service/internal/repository/event_repository.go:165.23,167.3 1 1
event_service/internal/repository/event_repository.go:168.2,168.23 1 1
event_service/internal/repository/event_repository.go:171.101,188.16 3 1
event_service/internal/repository/event_repository.go:188.16,190.3 1 1
event_service/internal/repository/event_repository.go:191.2,191.23 1 1
event_service/internal/repository/event_repository.go:194.59,196.25 2 1
event_service/internal/repository/event_repository.go:196.25,198.3 1 1
event_service/internal/repository/event_repository.go:200.2,200.30 1 1
event_service/internal/repository/event_repository.go:200.30,202.3 1 1
event_service/internal/repository/event_repository.go:204.2,204.12 1 1
event_service/internal/repository/event_repository.go:207.143,208.46 1 1
event_service/internal/repository/event_repository.go:208.46,210.3 1 0
event_service/internal/repository/event_repository.go:211.2,212.21 2 1
event_service/internal/repository/event_repository.go:212.21,214.3 1 1
event_service/internal/repository/event_repository.go:215.2,215.15 1 1
event_service/internal/repository/event_repository.go:215.15,216.23 1 1
event_service/internal/repository/event_repository.go:216.23,218.4 1 0
event_service/internal/repository/event_repository.go:221.2,222.155 2 1
event_service/internal/repository/event_repository.go:222.155,225.3 2 1
event_service/internal/repository/event_repository.go:227.2,227.37 1 1
event_service/internal/repository/event_repository.go:227.37,232.24 5 1
event_service/internal/repository/event_repository.go:232.24,234.4 1 1
event_service/internal/repository/event_repository.go:236.3,239.23 1 1
event_service/internal/repository/event_repository.go:239.23,242.4 2 1
event_service/internal/repository/event_repository.go:244.3,247.23 1 1
event_service/internal/repository/event_repository.go:247.23,250.4 2 0
event_service/internal/repository/event_repository.go:252.3,255.23 1 1
event_service/internal/repository/event_repository.go:255.23,258.4 2 0
event_service/internal/repository/event_repository.go:261.2,261.42 1 1
event_service/internal/repository/event_repository.go:261.42,263.3 1 1
event_service/internal/repository/event_repository.go:264.2,264.42 1 1
